<?xml version="1.0" encoding="UTF-8"?>
<!-- Generated by org.testng.reporters.JUnitReportReporter -->
<testsuite hostname="DESKTOP-U346J3V" failures="0" tests="2" name="com.crm.qa.testcases.ContactsPageTest" time="45.177" errors="0" timestamp="2022-04-12T16:32:26 IST" skipped="0">
  <testcase classname="com.crm.qa.testcases.ContactsPageTest" name="contactsPageLabelTest" time="19.292"/>
  <system-out/>
  <testcase classname="com.crm.qa.testcases.ContactsPageTest" name="addNewContactTest" time="25.885"/>
  <system-out/>
</testsuite> <!-- com.crm.qa.testcases.ContactsPageTest -->
