<?xml version="1.0" encoding="UTF-8"?>
<!-- Generated by org.testng.reporters.JUnitReportReporter -->
<testsuite hostname="DESKTOP-U346J3V" failures="0" tests="3" name="com.crm.qa.testcases.HomePageTest" time="128.463" errors="0" timestamp="2022-04-06T01:17:28 IST" skipped="0">
  <testcase classname="com.crm.qa.testcases.HomePageTest" name="homePageTitle" time="46.853"/>
  <system-out/>
  <testcase classname="com.crm.qa.testcases.HomePageTest" name="verifyUserNameLabel" time="45.213"/>
  <system-out/>
  <testcase classname="com.crm.qa.testcases.HomePageTest" name="verifContactsLinkTest" time="36.397"/>
  <system-out/>
</testsuite> <!-- com.crm.qa.testcases.HomePageTest -->
