<?xml version="1.0" encoding="UTF-8"?>
<!-- Generated by org.testng.reporters.JUnitReportReporter -->
<testsuite hostname="DESKTOP-U346J3V" failures="0" tests="2" name="com.crm.qa.testcases.LoginPageTest" time="64.727" errors="0" timestamp="2022-04-06T01:17:28 IST" skipped="0">
  <testcase classname="com.crm.qa.testcases.LoginPageTest" name="loginTest" time="41.946"/>
  <system-out/>
  <testcase classname="com.crm.qa.testcases.LoginPageTest" name="loginPageTitleTest" time="22.781"/>
  <system-out/>
</testsuite> <!-- com.crm.qa.testcases.LoginPageTest -->
